<?xml version="1.0" encoding="UTF-8"?>
<!-- Generated by org.testng.reporters.JUnitReportReporter -->
<testsuite hostname="IN5CG9292KMP" failures="0" tests="1" name="FindBrokenLinks" time="236.792" errors="0" timestamp="2020-02-17T10:56:07 IST" skipped="0">
  <testcase classname="FindBrokenLinks" name="checkLinks" time="236.792"/>
</testsuite> <!-- FindBrokenLinks -->
